  test.c
d:\2020code\2021-1-6-1\2021-1-6-1\test.c(11): error C2061: 语法错误: 标识符“Node”
d:\2020code\2021-1-6-1\2021-1-6-1\test.c(12): error C2143: 语法错误: 缺少“{”(在“*”的前面)
d:\2020code\2021-1-6-1\2021-1-6-1\test.c(14): error C2059: 语法错误:“}”
d:\2020code\2021-1-6-1\2021-1-6-1\test.c(19): error C2061: 语法错误: 标识符“Node”
d:\2020code\2021-1-6-1\2021-1-6-1\test.c(20): error C2059: 语法错误:“}”
d:\2020code\2021-1-6-1\2021-1-6-1\test.c(29): error C2143: 语法错误: 缺少“{”(在“*”的前面)
d:\2020code\2021-1-6-1\2021-1-6-1\test.c(37): error C2065: “Node”: 未声明的标识符
d:\2020code\2021-1-6-1\2021-1-6-1\test.c(37): error C2065: “root”: 未声明的标识符
d:\2020code\2021-1-6-1\2021-1-6-1\test.c(37): error C2059: 语法错误:“)”
d:\2020code\2021-1-6-1\2021-1-6-1\test.c(38): error C2065: “root”: 未声明的标识符
d:\2020code\2021-1-6-1\2021-1-6-1\test.c(38): error C2223: “->data”的左侧必须指向结构/联合
d:\2020code\2021-1-6-1\2021-1-6-1\test.c(41): error C2065: “root”: 未声明的标识符
d:\2020code\2021-1-6-1\2021-1-6-1\test.c(41): error C2223: “->left”的左侧必须指向结构/联合
d:\2020code\2021-1-6-1\2021-1-6-1\test.c(42): error C2065: “root”: 未声明的标识符
d:\2020code\2021-1-6-1\2021-1-6-1\test.c(42): error C2223: “->right”的左侧必须指向结构/联合
d:\2020code\2021-1-6-1\2021-1-6-1\test.c(43): error C2065: “root”: 未声明的标识符
d:\2020code\2021-1-6-1\2021-1-6-1\test.c(43): warning C4047: “return”:“int *”与“int”的间接级别不同
d:\2020code\2021-1-6-1\2021-1-6-1\test.c(47): error C2143: 语法错误: 缺少“)”(在“*”的前面)
d:\2020code\2021-1-6-1\2021-1-6-1\test.c(47): error C2143: 语法错误: 缺少“{”(在“*”的前面)
d:\2020code\2021-1-6-1\2021-1-6-1\test.c(47): error C2059: 语法错误:“)”
d:\2020code\2021-1-6-1\2021-1-6-1\test.c(48): error C2054: 在“root”之后应输入“(”
d:\2020code\2021-1-6-1\2021-1-6-1\test.c(60): error C2143: 语法错误: 缺少“)”(在“*”的前面)
d:\2020code\2021-1-6-1\2021-1-6-1\test.c(60): error C2143: 语法错误: 缺少“{”(在“*”的前面)
d:\2020code\2021-1-6-1\2021-1-6-1\test.c(60): error C2059: 语法错误:“)”
d:\2020code\2021-1-6-1\2021-1-6-1\test.c(61): error C2054: 在“root”之后应输入“(”
d:\2020code\2021-1-6-1\2021-1-6-1\test.c(74): error C2143: 语法错误: 缺少“)”(在“*”的前面)
d:\2020code\2021-1-6-1\2021-1-6-1\test.c(74): error C2143: 语法错误: 缺少“{”(在“*”的前面)
d:\2020code\2021-1-6-1\2021-1-6-1\test.c(74): error C2059: 语法错误:“)”
d:\2020code\2021-1-6-1\2021-1-6-1\test.c(75): error C2054: 在“root”之后应输入“(”
d:\2020code\2021-1-6-1\2021-1-6-1\test.c(87): error C2143: 语法错误: 缺少“)”(在“*”的前面)
d:\2020code\2021-1-6-1\2021-1-6-1\test.c(87): error C2143: 语法错误: 缺少“{”(在“*”的前面)
d:\2020code\2021-1-6-1\2021-1-6-1\test.c(87): error C2059: 语法错误:“)”
d:\2020code\2021-1-6-1\2021-1-6-1\test.c(88): error C2054: 在“root”之后应输入“(”
d:\2020code\2021-1-6-1\2021-1-6-1\test.c(98): error C2065: “Node”: 未声明的标识符
d:\2020code\2021-1-6-1\2021-1-6-1\test.c(98): error C2297: “*”: 非法，右操作数包含“int *”类型
d:\2020code\2021-1-6-1\2021-1-6-1\test.c(99): warning C4013: “preorder”未定义；假设外部返回 int
d:\2020code\2021-1-6-1\2021-1-6-1\test.c(100): warning C4013: “inorder”未定义；假设外部返回 int
