生成启动时间为 2021/7/16 14:15:12。
     1>项目“C:\Users\AAA\documents\visual studio 2015\Projects\MyJob2\MyJob2\MyJob2.vcxproj”在节点 2 上(Build 个目标)。
     1>ClCompile:
         F:\VS2015\VC\bin\CL.exe /c /ZI /nologo /W3 /WX- /sdl /Od /Oy- /D WIN32 /D _DEBUG /D _CONSOLE /D _UNICODE /D UNICODE /Gm /EHsc /RTC1 /MDd /GS /fp:precise /Zc:wchar_t /Zc:forScope /Zc:inline /Yc"stdafx.h" /Fp"Debug\MyJob2.pch" /Fo"Debug\\" /Fd"Debug\vc140.pdb" /Gd /TP /analyze- /errorReport:prompt stdafx.cpp
         stdafx.cpp
         F:\VS2015\VC\bin\CL.exe /c /ZI /nologo /W3 /WX- /sdl /Od /Oy- /D WIN32 /D _DEBUG /D _CONSOLE /D _UNICODE /D UNICODE /Gm /EHsc /RTC1 /MDd /GS /fp:precise /Zc:wchar_t /Zc:forScope /Zc:inline /Yu"stdafx.h" /Fp"Debug\MyJob2.pch" /Fo"Debug\\" /Fd"Debug\vc140.pdb" /Gd /TP /analyze- /errorReport:prompt attendence.cpp attendquery.cpp DB.cpp department.cpp HomePage.cpp LoginPage.cpp main.cpp worker.cpp
         worker.cpp
     1>c:\users\aaa\documents\visual studio 2015\projects\myjob2\myjob2\worker.cpp(89): warning C4018: “<”: 有符号/无符号不匹配
     1>c:\users\aaa\documents\visual studio 2015\projects\myjob2\myjob2\worker.cpp(130): warning C4018: “<”: 有符号/无符号不匹配
         main.cpp
         LoginPage.cpp
         HomePage.cpp
         department.cpp
     1>c:\users\aaa\documents\visual studio 2015\projects\myjob2\myjob2\department.cpp(71): warning C4018: “<”: 有符号/无符号不匹配
     1>c:\users\aaa\documents\visual studio 2015\projects\myjob2\myjob2\department.cpp(113): warning C4018: “<”: 有符号/无符号不匹配
     1>c:\users\aaa\documents\visual studio 2015\projects\myjob2\myjob2\department.cpp(123): warning C4018: “<”: 有符号/无符号不匹配
         DB.cpp
         attendquery.cpp
     1>c:\users\aaa\documents\visual studio 2015\projects\myjob2\myjob2\attendquery.cpp(27): warning C4018: “<”: 有符号/无符号不匹配
         attendence.cpp
     1>c:\users\aaa\documents\visual studio 2015\projects\myjob2\myjob2\attendence.cpp(107): warning C4018: “<”: 有符号/无符号不匹配
     1>c:\users\aaa\documents\visual studio 2015\projects\myjob2\myjob2\attendence.cpp(129): warning C4018: “<”: 有符号/无符号不匹配
     1>c:\users\aaa\documents\visual studio 2015\projects\myjob2\myjob2\attendence.cpp(151): warning C4018: “<”: 有符号/无符号不匹配
         正在生成代码...
       Link:
         F:\VS2015\VC\bin\link.exe /ERRORREPORT:PROMPT /OUT:"C:\Users\AAA\documents\visual studio 2015\Projects\MyJob2\Debug\MyJob2.exe" /INCREMENTAL /NOLOGO kernel32.lib user32.lib gdi32.lib winspool.lib comdlg32.lib advapi32.lib shell32.lib ole32.lib oleaut32.lib uuid.lib odbc32.lib odbccp32.lib /MANIFEST /MANIFESTUAC:"level='asInvoker' uiAccess='false'" /manifest:embed /Debug /PDB:"C:\Users\AAA\documents\visual studio 2015\Projects\MyJob2\Debug\MyJob2.pdb" /SUBSYSTEM:CONSOLE /TLBID:1 /DYNAMICBASE /NXCOMPAT /IMPLIB:"C:\Users\AAA\documents\visual studio 2015\Projects\MyJob2\Debug\MyJob2.lib" /MACHINE:X86 Debug\attendence.obj
         Debug\attendquery.obj
         Debug\DB.obj
         Debug\department.obj
         Debug\HomePage.obj
         Debug\LoginPage.obj
         Debug\main.obj
         Debug\stdafx.obj
         Debug\worker.obj
         MyJob2.vcxproj -> C:\Users\AAA\documents\visual studio 2015\Projects\MyJob2\Debug\MyJob2.exe
     1>已完成生成项目“C:\Users\AAA\documents\visual studio 2015\Projects\MyJob2\MyJob2\MyJob2.vcxproj”(Build 个目标)的操作。

已成功生成。

已用时间 00:00:03.61
